Arguments: 
  /usr/local/Cellar/node/8.5.0/bin/node /usr/local/Cellar/yarn/1.0.2/libexec/bin/yarn.js

PATH: 
  /usr/local/sbin:/usr/local/bin:/usr/bin:/bin:/usr/sbin:/sbin:/opt/X11/bin

Yarn version: 
  1.0.2

Node version: 
  8.5.0

Platform: 
  darwin x64

npm manifest: 
  {
    "name": "teil",
    "version": "0.1.0",
    "main": "lib/teil.js",
    "bin": {
      "teil": "bin/teil.js"
    },
    "license": "MIT",
    "scripts": {
      "docs:dev": "cross-env PORT=9991 nuxt dev --config-file=docs.config.js",
      "dev": "run-p docs:dev",
      "test": "jest",
      "test:watch": "jest --watchAll",
      "lint": "eslint --ignore-path .gitignore ."
    },
    "dependencies": {
      "anymatch": "^1.3.2",
      "chokidar": "^1.7.0",
      "fastify": "^0.29.2",
      "glob": "^7.1.2",
      "got": "^7.1.0",
      "import-fresh": "^2.0.0",
      "lodash": "^4.17.4",
      "mongoose": "^4.12.1",
      "request": "^2.83.0",
      "valib": "^2.0.0"
    },
    "devDependencies": {
      "@nuxtjs/bulma": "^1.0.3",
      "@nuxtjs/markdownit": "^1.1.2",
      "axios": "^0.16.2",
      "cross-env": "^5.0.5",
      "eslint": "^4.8.0",
      "eslint-config-standard": "^10.2.1",
      "eslint-friendly-formatter": "^3.0.0",
      "eslint-plugin-import": "^2.7.0",
      "eslint-plugin-node": "^5.2.0",
      "eslint-plugin-promise": "^3.5.0",
      "eslint-plugin-standard": "^3.0.1",
      "jest": "^21.2.1",
      "node-sass": "^4.5.3",
      "npm-run-all": "^4.1.1",
      "nuxt": "^1.0.0-rc11",
      "sass-loader": "^6.0.6",
      "shelljs": "^0.7.8"
    }
  }

yarn manifest: 
  No manifest

Lockfile: 
  No lockfile

Trace: 
  Error: https://registry.yarnpkg.com/normalize-path: ETIMEDOUT
      at Timeout._onTimeout (/usr/local/Cellar/yarn/1.0.2/libexec/lib/cli.js:118034:19)
      at ontimeout (timers.js:469:11)
      at tryOnTimeout (timers.js:304:5)
      at Timer.listOnTimeout (timers.js:264:5)
